<?xml version="1.0" encoding="UTF-8"?>
<!-- Generated by org.testng.reporters.JUnitReportReporter -->
<testsuite name="SearchItems.SearchItemsByDatabase" tests="1" time="19.036" ignored="0" failures="0" timestamp="25 Jan 2017 19:40:18 GMT" skipped="0" hostname="Sachins-MacBook-Pro.local" errors="0">
  <testcase name="testingSearchBarWithDB" time="19.036" classname="SearchItems.SearchItemsByDatabase"/>
</testsuite> <!-- SearchItems.SearchItemsByDatabase -->
