<?xml version="1.0" encoding="UTF-8"?>
<!-- Generated by org.testng.reporters.JUnitReportReporter -->
<testsuite name="LogIn.LogInEnv" tests="4" time="40.749" ignored="0" failures="0" timestamp="28 Jan 2017 15:43:15 GMT" skipped="0" hostname="Sachins-MacBook-Pro.local" errors="0">
  <testcase name="testLoginIncorrectCredentials" time="6.965" classname="LogIn.LogInEnv"/>
  <testcase name="testLoginBlankPassword" time="17.019" classname="LogIn.LogInEnv"/>
  <testcase name="testLoginCorrectCredentials" time="9.517" classname="LogIn.LogInEnv"/>
  <testcase name="testLoginIncorrectPassword" time="7.248" classname="LogIn.LogInEnv"/>
</testsuite> <!-- LogIn.LogInEnv -->
