<?xml version="1.0" encoding="UTF-8"?>
<!-- Generated by org.testng.reporters.JUnitReportReporter -->
<testsuite name="Tabs.Tabs" tests="1" time="16.768" ignored="0" failures="0" timestamp="22 Jan 2017 04:19:36 GMT" skipped="0" hostname="Sachins-MacBook-Pro.local" errors="0">
  <testcase name="testHeader" time="16.768" classname="Tabs.Tabs"/>
</testsuite> <!-- Tabs.Tabs -->
