<?xml version="1.0" encoding="UTF-8"?>
<!-- Generated by org.testng.reporters.JUnitReportReporter -->
<testsuite name="SearchItems.SearchItemsByDatabase" tests="2" time="33.050" ignored="0" failures="0" timestamp="28 Jan 2017 15:43:15 GMT" skipped="0" hostname="Sachins-MacBook-Pro.local" errors="0">
  <testcase name="searchUsingDB" time="17.531" classname="SearchItems.SearchItemsByDatabase"/>
  <testcase name="testingSearchBarWithDB" time="15.519" classname="SearchItems.SearchItemsByDatabase"/>
</testsuite> <!-- SearchItems.SearchItemsByDatabase -->
