<?xml version="1.0" encoding="UTF-8"?>
<!-- Generated by org.testng.reporters.JUnitReportReporter -->
<testsuite name="SearchItems.MouseHover" tests="1" time="21.198" ignored="0" failures="0" timestamp="28 Jan 2017 14:06:07 GMT" skipped="0" hostname="Sachins-MacBook-Pro.local" errors="0">
  <testcase name="MouseHover" time="21.198" classname="SearchItems.MouseHover"/>
</testsuite> <!-- SearchItems.MouseHover -->
