<?xml version="1.0" encoding="UTF-8"?>
<!-- Generated by org.testng.reporters.JUnitReportReporter -->
<testsuite name="LogIn.LogInPage" tests="1" time="42.080" ignored="0" failures="0" timestamp="22 Jan 2017 01:57:20 GMT" skipped="0" hostname="Sachins-MacBook-Pro.local" errors="0">
  <testcase name="LogIn" time="42.080" classname="LogIn.LogInPage"/>
</testsuite> <!-- LogIn.LogInPage -->
