<?xml version="1.0" encoding="UTF-8"?>
<!-- Generated by org.testng.reporters.JUnitReportReporter -->
<testsuite name="UITabs.Tabs" tests="3" time="55.111" ignored="0" failures="0" timestamp="27 Jan 2017 18:45:57 GMT" skipped="0" hostname="Sachins-MacBook-Pro.local" errors="0">
  <testcase name="Testdeals" time="19.978" classname="UITabs.Tabs"/>
  <testcase name="TestWatchedDeals" time="16.128" classname="UITabs.Tabs"/>
  <testcase name="TestCoupon" time="19.005" classname="UITabs.Tabs"/>
</testsuite> <!-- UITabs.Tabs -->
