<?xml version="1.0" encoding="UTF-8"?>
<!-- Generated by org.testng.reporters.JUnitReportReporter -->
<testsuite name="SearchItems.DropDownMenuSearch" tests="1" time="24.211" ignored="0" failures="0" timestamp="25 Jan 2017 21:07:10 GMT" skipped="0" hostname="Sachins-MacBook-Pro.local" errors="0">
  <testcase name="dropDownMenu" time="24.211" classname="SearchItems.DropDownMenuSearch"/>
</testsuite> <!-- SearchItems.DropDownMenuSearch -->
