<?xml version="1.0" encoding="UTF-8"?>
<!-- Generated by org.testng.reporters.JUnitReportReporter -->
<testsuite name="SearchItems.SearchItemsByDataProvider" tests="3" time="31.491" ignored="0" failures="0" timestamp="28 Jan 2017 15:43:15 GMT" skipped="0" hostname="Sachins-MacBook-Pro.local" errors="0">
  <testcase name="searchUsingDataProvider" time="11.353" classname="SearchItems.SearchItemsByDataProvider"/>
  <testcase name="searchUsingDataProvider" time="10.201" classname="SearchItems.SearchItemsByDataProvider"/>
  <testcase name="searchUsingDataProvider" time="9.937" classname="SearchItems.SearchItemsByDataProvider"/>
</testsuite> <!-- SearchItems.SearchItemsByDataProvider -->
