<?xml version="1.0" encoding="UTF-8"?>
<!-- Generated by org.testng.reporters.JUnitReportReporter -->
<testsuite name="UITabs.Tabs" tests="1" time="28.384" ignored="0" failures="0" timestamp="25 Jan 2017 20:28:35 GMT" skipped="0" hostname="Sachins-MacBook-Pro.local" errors="0">
  <testcase name="testHeader" time="28.384" classname="UITabs.Tabs"/>
</testsuite> <!-- UITabs.UITabs -->
