<?xml version="1.0" encoding="UTF-8"?>
<!-- Generated by org.testng.reporters.JUnitReportReporter -->
<testsuite name="SearchItems.SearchItemsByExcel" tests="1" time="33.813" ignored="0" failures="0" timestamp="25 Jan 2017 16:44:06 GMT" skipped="0" hostname="Sachins-MacBook-Pro.local" errors="0">
  <testcase name="search" time="33.813" classname="SearchItems.SearchItemsByExcel"/>
</testsuite> <!-- SearchItems.SearchItemsByExcel -->
