<?xml version="1.0" encoding="UTF-8"?>
<!-- Generated by org.testng.reporters.JUnitReportReporter -->
<testsuite name="SearchItems.SearchItemsByExcel" tests="1" time="27.668" ignored="0" failures="0" timestamp="28 Jan 2017 15:43:15 GMT" skipped="0" hostname="Sachins-MacBook-Pro.local" errors="0">
  <testcase name="search" time="27.668" classname="SearchItems.SearchItemsByExcel"/>
</testsuite> <!-- SearchItems.SearchItemsByExcel -->
