<?xml version="1.0" encoding="UTF-8"?>
<!-- Generated by org.testng.reporters.JUnitReportReporter -->
<testsuite name="UITabs.Tabs" tests="3" time="30.408" ignored="0" failures="0" timestamp="28 Jan 2017 15:43:15 GMT" skipped="0" hostname="Sachins-MacBook-Pro.local" errors="0">
  <testcase name="TestCoupon" time="8.670" classname="UITabs.Tabs"/>
  <testcase name="TestWatchedDeals" time="10.095" classname="UITabs.Tabs"/>
  <testcase name="Testdeals" time="11.643" classname="UITabs.Tabs"/>
</testsuite> <!-- UITabs.Tabs -->
