<?xml version="1.0" encoding="UTF-8"?>
<!-- Generated by org.testng.reporters.JUnitReportReporter -->
<testsuite name="SearchItems.DropDownMenuSearch" tests="1" time="130.490" ignored="0" failures="0" timestamp="28 Jan 2017 15:43:15 GMT" skipped="0" hostname="Sachins-MacBook-Pro.local" errors="0">
  <testcase name="dropDownMenu" time="130.490" classname="SearchItems.DropDownMenuSearch"/>
</testsuite> <!-- SearchItems.DropDownMenuSearch -->
