<?xml version="1.0" encoding="UTF-8"?>
<!-- Generated by org.testng.reporters.JUnitReportReporter -->
<testsuite name="LogIn.LogInPage" tests="1" time="10.414" ignored="0" failures="0" timestamp="25 Jan 2017 20:50:21 GMT" skipped="0" hostname="Sachins-MacBook-Pro.local" errors="0">
  <testcase name="LogIn" time="10.414" classname="LogIn.LogInPage"/>
</testsuite> <!-- LogIn.LogInPage -->
